#
# An unexpected error has been detected by Java Runtime Environment:
#
#  EXCEPTION_ACCESS_VIOLATION (0xc0000005) at pc=0x000000006db4b239, pid=2464, tid=2484
#
# Java VM: Java HotSpot(TM) 64-Bit Server VM (11.2-b01 mixed mode windows-amd64)
# Problematic frame:
# V  [jvm.dll+0x35b239]
#
# If you would like to submit a bug report, please visit:
#   http://java.sun.com/webapps/bugreport/crash.jsp
#

---------------  T H R E A D  ---------------

Current thread (0x0000000001641800):  GCTaskThread [stack: 0x0000000027960000,0x0000000028960000] [id=2484]

siginfo: ExceptionCode=0xc0000005, reading address 0xffffffffffffffff

Registers:
EAX=0x000000006dc8b080, EBX=0x040000002d795fe8, ECX=0x000000002895fd20, EDX=0x040000002d795fe8
ESP=0x000000002895fc60, EBP=0x00000000000000bc, ESI=0x000000002895fd20, EDI=0x040000002d795fd8
EIP=0x000000006db4b239, EFLAGS=0x0000000000010206

Top of Stack: (sp=0x000000002895fc60)
0x000000002895fc60:   000000002895fd20 000000006dae3fb3
0x000000002895fc70:   0000000001642600 000000006d97512f
0x000000002895fc80:   0000000000000000 000000006d918c1c
0x000000002895fc90:   000000002895fd20 000000006dba71d0
0x000000002895fca0:   000000001059ec30 000000006d87d13f
0x000000002895fcb0:   0000000000000000 0000000001641a00
0x000000002895fcc0:   000000000163b0f0 000000006dba963c
0x000000002895fcd0:   000000002895fd20 000000006dc8ae78
0x000000002895fce0:   0000000000000000 00000000016ef790
0x000000002895fcf0:   000000002ed44370 000000006db4b59c
0x000000002895fd00:   0000000001641800 000000006db0c1cd
0x000000002895fd10:   0000000001641800 0000000000000003
0x000000002895fd20:   000000006dc8b080 0000000000000000
0x000000002895fd30:   00000000016ef790 000000006d937e74
0x000000002895fd40:   000000006dc8b080 000000000173f310
0x000000002895fd50:   000000002ed44370 000000002ed44340 

Instructions: (pc=0x000000006db4b239)
0x000000006db4b229:   cc cc cc cc cc cc cc 48 53 48 83 ec 20 48 8b da
0x000000006db4b239:   48 8b 12 48 85 d2 0f 84 93 00 00 00 48 3b 15 2c 


Stack: [0x0000000027960000,0x0000000028960000],  sp=0x000000002895fc60,  free space=16383k
Native frames: (J=compiled Java code, j=interpreted, Vv=VM code, C=native code)
V  [jvm.dll+0x35b239]


---------------  P R O C E S S  ---------------

Java Threads: ( => current thread )
  0x000000002e66ec00 JavaThread "Thread-17" [_thread_blocked, id=1556, stack(0x000000002ff90000,0x0000000030010000)]
  0x000000002e66e400 JavaThread "Active Reference Queue Daemon" daemon [_thread_blocked, id=3196, stack(0x000000002ff10000,0x000000002ff90000)]
  0x000000002e66c800 JavaThread "Timer-8" daemon [_thread_blocked, id=4164, stack(0x000000002fd10000,0x000000002fd90000)]
  0x000000002e66e000 JavaThread "FelixPackageAdmin" daemon [_thread_blocked, id=4104, stack(0x000000002fe90000,0x000000002ff10000)]
  0x000000002e66d800 JavaThread "FelixStartLevel" daemon [_thread_blocked, id=3356, stack(0x000000002fe10000,0x000000002fe90000)]
  0x000000002e66d000 JavaThread "FelixDispatchQueue" daemon [_thread_blocked, id=3320, stack(0x000000002fd90000,0x000000002fe10000)]
  0x000000002e66b400 JavaThread "Timer-7" daemon [_thread_blocked, id=4996, stack(0x000000002fc90000,0x000000002fd10000)]
  0x000000002e66ac00 JavaThread "Prefs Updater" daemon [_thread_blocked, id=5076, stack(0x000000002fc10000,0x000000002fc90000)]
  0x000000002e66a000 JavaThread "Timer-1" [_thread_blocked, id=5068, stack(0x000000002f490000,0x000000002f510000)]
  0x000000002d842c00 JavaThread "TimerQueue" daemon [_thread_blocked, id=3920, stack(0x000000002f2b0000,0x000000002f330000)]
  0x000000002d842400 JavaThread "AWT-EventQueue-0" [_thread_in_native, id=5052, stack(0x000000002e160000,0x000000002e1e0000)]
  0x000000002d6cac00 JavaThread "AWT-Windows" daemon [_thread_blocked, id=3672, stack(0x000000002dba0000,0x000000002dc20000)]
  0x000000002d6ca400 JavaThread "AWT-Shutdown" [_thread_blocked, id=4400, stack(0x000000002db20000,0x000000002dba0000)]
  0x000000002d6c9c00 JavaThread "Java2D Disposer" daemon [_thread_blocked, id=1980, stack(0x000000002daa0000,0x000000002db20000)]
  0x000000002cf69000 JavaThread "Timer-0" [_thread_blocked, id=4792, stack(0x000000002d160000,0x000000002d1e0000)]
  0x000000002cd79000 JavaThread "JMI Unnamed Thread" [_thread_in_native, id=4536, stack(0x0000000006140000,0x0000000007140000)]
  0x0000000028a3f000 JavaThread "Low Memory Detector" daemon [_thread_blocked, id=4992, stack(0x000000002bce0000,0x000000002bd60000)]
  0x0000000028a35c00 JavaThread "CompilerThread1" daemon [_thread_blocked, id=4852, stack(0x000000002ace0000,0x000000002bce0000)]
  0x0000000028a2ac00 JavaThread "CompilerThread0" daemon [_thread_blocked, id=4764, stack(0x0000000029ce0000,0x000000002ace0000)]
  0x0000000028a29800 JavaThread "Attach Listener" daemon [_thread_blocked, id=3756, stack(0x0000000029c60000,0x0000000029ce0000)]
  0x0000000028a0dc00 JavaThread "Finalizer" daemon [_thread_blocked, id=1580, stack(0x0000000029be0000,0x0000000029c60000)]
  0x0000000028a07c00 JavaThread "Reference Handler" daemon [_thread_blocked, id=2468, stack(0x0000000029b60000,0x0000000029be0000)]
  0x0000000001632800 JavaThread "main" [_thread_blocked, id=4188, stack(0x0000000000030000,0x0000000001030000)]

Other Threads:
  0x0000000028a00c00 VMThread [stack: 0x0000000028b60000,0x0000000029b60000] [id=2728]
  0x0000000028a60800 WatcherThread [stack: 0x000000002bd60000,0x000000002cd60000] [id=4976]

=>0x0000000001641800 (exited) GCTaskThread [stack: 0x0000000027960000,0x0000000028960000] [id=2484]

VM state:at safepoint (normal execution)

VM Mutex/Monitor currently owned by a thread:  ([mutex/lock_event])
[0x000000000173e2c0] UNKNOWN - owner thread: 0x0000000028a00c00
[0x000000000173e860] UNKNOWN - owner thread: 0x000000002e66a000

Heap
 PSYoungGen      total 41536K, used 36704K [0x0000000021860000, 0x0000000024930000, 0x0000000024960000)
  eden space 36608K, 100% used [0x0000000021860000,0x0000000023c20000,0x0000000023c20000)
  from space 4928K, 1% used [0x0000000023c20000,0x0000000023c38000,0x00000000240f0000)
  to   space 4736K, 1% used [0x0000000024490000,0x00000000244a0000,0x0000000024930000)
 PSOldGen        total 96960K, used 60414K [0x0000000018560000, 0x000000001e410000, 0x0000000021860000)
  object space 96960K, 62% used [0x0000000018560000,0x000000001c05f940,0x000000001e410000)
 PSPermGen       total 109888K, used 55294K [0x0000000010560000, 0x00000000170b0000, 0x0000000018560000)
  object space 109888K, 50% used [0x0000000010560000,0x0000000013b5f8d0,0x00000000170b0000)

Dynamic libraries:
0x0000000140000000 - 0x000000014002a000 	C:\Program Files\MATLAB\R2010a\bin\win64\matlab.exe
0x0000000077890000 - 0x0000000077a3c000 	C:\Windows\SYSTEM32\ntdll.dll
0x00000000771b0000 - 0x00000000772cf000 	C:\Windows\system32\kernel32.dll
0x000007fefdfa0000 - 0x000007fefe00c000 	C:\Windows\system32\KERNELBASE.dll
0x000000007ce80000 - 0x000000007cf96000 	C:\Program Files\MATLAB\R2010a\bin\win64\libut.dll
0x000007fefe630000 - 0x000007fefe649000 	C:\Windows\system32\imagehlp.dll
0x000007fefe650000 - 0x000007fefe6ef000 	C:\Windows\system32\msvcrt.dll
0x000007feff4f0000 - 0x000007feff5cb000 	C:\Windows\system32\ADVAPI32.dll
0x000007fefe0d0000 - 0x000007fefe0ef000 	C:\Windows\SYSTEM32\sechost.dll
0x000007feff5d0000 - 0x000007feff6fe000 	C:\Windows\system32\RPCRT4.dll
0x0000000077a50000 - 0x0000000077a57000 	C:\Windows\system32\PSAPI.DLL
0x000000007d660000 - 0x000000007d688000 	C:\Program Files\MATLAB\R2010a\bin\win64\LIBEXPAT.dll
0x00000000651f0000 - 0x00000000652b9000 	C:\Windows\WinSxS\amd64_microsoft.vc80.crt_1fc8b3b9a1e18e3b_8.0.50727.6195_none_88e41e092fab0294\MSVCR80.dll
0x000000007d380000 - 0x000000007d4ac000 	C:\Program Files\MATLAB\R2010a\bin\win64\icuuc40.dll
0x000000007c8b0000 - 0x000000007c8b3000 	C:\Program Files\MATLAB\R2010a\bin\win64\icudt40.dll
0x000000007c8c0000 - 0x000000007c8d0000 	C:\Program Files\MATLAB\R2010a\bin\win64\icuio40.dll
0x000000007cb00000 - 0x000000007cc53000 	C:\Program Files\MATLAB\R2010a\bin\win64\icuin40.dll
0x00000000650e0000 - 0x00000000651e9000 	C:\Windows\WinSxS\amd64_microsoft.vc80.crt_1fc8b3b9a1e18e3b_8.0.50727.6195_none_88e41e092fab0294\MSVCP80.dll
0x0000000077790000 - 0x000000007788a000 	C:\Windows\system32\USER32.dll
0x000007fefe540000 - 0x000007fefe5a7000 	C:\Windows\system32\GDI32.dll
0x000007fefe6f0000 - 0x000007fefe6fe000 	C:\Windows\system32\LPK.dll
0x000007feffa50000 - 0x000007feffb1a000 	C:\Windows\system32\USP10.dll
0x0000000078930000 - 0x0000000078a4e000 	C:\Program Files\MATLAB\R2010a\bin\win64\libmwfl.dll
0x00000000788c0000 - 0x00000000788fe000 	C:\Program Files\MATLAB\R2010a\bin\win64\tbb.dll
0x000000007e960000 - 0x000000007e96f000 	C:\Program Files\MATLAB\R2010a\bin\win64\boost_date_time-vc80-mt-1_36.dll
0x000000007ebf0000 - 0x000000007ec0d000 	C:\Program Files\MATLAB\R2010a\bin\win64\boost_filesystem-vc80-mt-1_36.dll
0x000000007dbd0000 - 0x000000007dbd9000 	C:\Program Files\MATLAB\R2010a\bin\win64\boost_system-vc80-mt-1_36.dll
0x000000007e940000 - 0x000000007e956000 	C:\Program Files\MATLAB\R2010a\bin\win64\boost_signals-vc80-mt-1_36.dll
0x000000007c890000 - 0x000000007c8a1000 	C:\Program Files\MATLAB\R2010a\bin\win64\boost_thread-vc80-mt-1_36.dll
0x000000007d010000 - 0x000000007d298000 	C:\Program Files\MATLAB\R2010a\bin\win64\libmwservices.dll
0x000000007cfa0000 - 0x000000007d00d000 	C:\Program Files\MATLAB\R2010a\bin\win64\libmx.dll
0x00000000792b0000 - 0x00000000792c7000 	C:\Program Files\MATLAB\R2010a\bin\win64\zlib1.dll
0x000000007d2a0000 - 0x000000007d37c000 	C:\Program Files\MATLAB\R2010a\bin\win64\libmwmathutil.dll
0x000000007a9b0000 - 0x000000007aa0e000 	C:\Program Files\MATLAB\R2010a\bin\win64\mpath.dll
0x000000007d690000 - 0x000000007d812000 	C:\Program Files\MATLAB\R2010a\bin\win64\mlutil.dll
0x000000007e860000 - 0x000000007e8ec000 	C:\Program Files\MATLAB\R2010a\bin\win64\xmlcore.dll
0x000000007a320000 - 0x000000007a5b5000 	C:\Program Files\MATLAB\R2010a\bin\win64\xerces-c_2_7.dll
0x000007feff4a0000 - 0x000007feff4ed000 	C:\Windows\system32\WS2_32.dll
0x000007feff490000 - 0x000007feff498000 	C:\Windows\system32\NSI.dll
0x000007fefe700000 - 0x000007feff487000 	C:\Windows\system32\SHELL32.dll
0x000007fefe5b0000 - 0x000007fefe621000 	C:\Windows\system32\SHLWAPI.dll
0x000007fefa6a0000 - 0x000007fefa740000 	C:\Windows\WinSxS\amd64_microsoft.windows.common-controls_6595b64144ccf1df_5.82.7600.16661_none_a44e1fc257f685f6\COMCTL32.dll
0x000007fefe0f0000 - 0x000007fefe188000 	C:\Windows\system32\comdlg32.dll
0x000007fefaea0000 - 0x000007fefaeb6000 	C:\Windows\system32\NETAPI32.dll
0x000007fefae90000 - 0x000007fefae9c000 	C:\Windows\system32\netutils.dll
0x000007fefd870000 - 0x000007fefd893000 	C:\Windows\system32\srvcli.dll
0x000007fefae70000 - 0x000007fefae85000 	C:\Windows\system32\wkscli.dll
0x000000007ad90000 - 0x000000007ae2e000 	C:\Program Files\MATLAB\R2010a\bin\win64\mcr.dll
0x0000000001200000 - 0x0000000001225000 	C:\Program Files\MATLAB\R2010a\bin\win64\libmwi18n.dll
0x000000007c8d0000 - 0x000000007c983000 	C:\Program Files\MATLAB\R2010a\bin\win64\iqm.dll
0x000000007b500000 - 0x000000007bdb0000 	C:\Program Files\MATLAB\R2010a\bin\win64\m_interpreter.dll
0x000000007c9b0000 - 0x000000007c9c6000 	C:\Program Files\MATLAB\R2010a\bin\win64\libmex.dll
0x000000007abf0000 - 0x000000007aca4000 	C:\Program Files\MATLAB\R2010a\bin\win64\m_dispatcher.dll
0x000000007ead0000 - 0x000000007ebc1000 	C:\Program Files\MATLAB\R2010a\bin\win64\boost_regex-vc80-mt-1_36.dll
0x000000007aa90000 - 0x000000007ab27000 	C:\Program Files\MATLAB\R2010a\bin\win64\profiler.dll
0x000000007ca40000 - 0x000000007ca71000 	C:\Program Files\MATLAB\R2010a\bin\win64\libmwmathrng.dll
0x0000000079200000 - 0x000000007921a000 	C:\Program Files\MATLAB\R2010a\bin\win64\m_pcodeio.dll
0x000000007a960000 - 0x000000007a9ad000 	C:\Program Files\MATLAB\R2010a\bin\win64\m_ir.dll
0x000000007aef0000 - 0x000000007b4f1000 	C:\Program Files\MATLAB\R2010a\bin\win64\m_parser.dll
0x000000007c990000 - 0x000000007c9a4000 	C:\Program Files\MATLAB\R2010a\bin\win64\ir_xfmr.dll
0x0000000078a50000 - 0x0000000078d2f000 	C:\Program Files\MATLAB\R2010a\bin\win64\mcos.dll
0x000000007ca90000 - 0x000000007ca9c000 	C:\Program Files\MATLAB\R2010a\bin\win64\mtok.dll
0x00000000791d0000 - 0x00000000791f6000 	C:\Program Files\MATLAB\R2010a\bin\win64\m_pcodegen.dll
0x0000000001420000 - 0x0000000001472000 	C:\Program Files\MATLAB\R2010a\bin\win64\libmwspmatrix.dll
0x000007fef1500000 - 0x000007fef1625000 	C:\Windows\system32\dbghelp.dll
0x0000000001490000 - 0x00000000014bc000 	C:\Program Files\MATLAB\R2010a\bin\win64\libmwbridge.dll
0x000000007c4f0000 - 0x000000007c5b7000 	C:\Program Files\MATLAB\R2010a\bin\win64\udd.dll
0x000000007d4b0000 - 0x000000007d604000 	C:\Program Files\MATLAB\R2010a\bin\win64\libmwgui.dll
0x0000000079320000 - 0x0000000079acf000 	C:\Program Files\MATLAB\R2010a\bin\win64\hg.dll
0x0000000079100000 - 0x0000000079150000 	C:\Program Files\MATLAB\R2010a\bin\win64\libmat.dll
0x000000007cc60000 - 0x000000007ce7b000 	C:\Program Files\MATLAB\R2010a\bin\win64\libhdf5.dll
0x000000007a860000 - 0x000000007a8e3000 	C:\Program Files\MATLAB\R2010a\bin\win64\jmi.dll
0x000000007a790000 - 0x000000007a7d6000 	C:\Program Files\MATLAB\R2010a\bin\win64\libmwhardcopy.dll
0x000000007a8f0000 - 0x000000007a959000 	C:\Program Files\MATLAB\R2010a\bin\win64\libuij.dll
0x0000000078730000 - 0x00000000788b3000 	C:\Program Files\MATLAB\R2010a\bin\win64\hgdatatypes.dll
0x0000000078670000 - 0x0000000078721000 	C:\Program Files\MATLAB\R2010a\bin\win64\hgutils.dll
0x0000000079150000 - 0x00000000791cc000 	C:\Program Files\MATLAB\R2010a\bin\win64\libmwlapack.dll
0x000000007c9e0000 - 0x000000007c9f3000 	C:\Program Files\MATLAB\R2010a\bin\win64\libmwbinder.dll
0x000000007c5c0000 - 0x000000007c881000 	C:\Program Files\MATLAB\R2010a\bin\win64\uiw.dll
0x000000007caf0000 - 0x000000007cafa000 	C:\Program Files\MATLAB\R2010a\bin\win64\uinone.dll
0x0000000064f40000 - 0x00000000650dc000 	C:\Windows\WinSxS\amd64_microsoft.vc80.mfc_1fc8b3b9a1e18e3b_8.0.50727.6195_none_8448b2bd328df189\MFC80.DLL
0x000007fefa630000 - 0x000007fefa6a0000 	C:\Windows\system32\WINSPOOL.DRV
0x000007feff700000 - 0x000007feff902000 	C:\Windows\system32\ole32.dll
0x000007fefe190000 - 0x000007fefe267000 	C:\Windows\system32\OLEAUT32.dll
0x000000007ae30000 - 0x000000007aee6000 	C:\Program Files\MATLAB\R2010a\bin\win64\udd_mi.dll
0x0000000079220000 - 0x000000007923f000 	C:\Program Files\MATLAB\R2010a\bin\win64\mwoles05.DLL
0x000000007aa10000 - 0x000000007aa82000 	C:\Program Files\MATLAB\R2010a\bin\win64\comcli.dll
0x0000000065610000 - 0x0000000065630000 	C:\Windows\WinSxS\amd64_microsoft.vc80.atl_1fc8b3b9a1e18e3b_8.0.50727.6195_none_8a1dd9552ed7f8d8\ATL80.DLL
0x000000007ca80000 - 0x000000007ca8e000 	C:\Program Files\MATLAB\R2010a\bin\win64\mlautoregister.dll
0x000007feff910000 - 0x000007feff93e000 	C:\Windows\system32\IMM32.DLL
0x000007feff940000 - 0x000007feffa49000 	C:\Windows\system32\MSCTF.dll
0x000000006cf30000 - 0x000000006cf3d000 	C:\Windows\WinSxS\amd64_microsoft.vc80.mfcloc_1fc8b3b9a1e18e3b_8.0.50727.6195_none_bc20f59b0bdd1acd\MFC80ENU.DLL
0x000007fefb5b0000 - 0x000007fefb606000 	C:\Windows\system32\uxtheme.dll
0x000007fefdd00000 - 0x000007fefdd0f000 	C:\Windows\system32\profapi.dll
0x000007fefa9e0000 - 0x000007fefaa07000 	C:\Windows\system32\iphlpapi.dll
0x000007fefa9d0000 - 0x000007fefa9db000 	C:\Windows\system32\WINNSI.DLL
0x000007fefd3f0000 - 0x000007fefd44b000 	C:\Windows\system32\DNSAPI.dll
0x000007fefa770000 - 0x000007fefa788000 	C:\Windows\system32\dhcpcsvc.DLL
0x000007fefa750000 - 0x000007fefa761000 	C:\Windows\system32\dhcpcsvc6.DLL
0x000000006cf20000 - 0x000000006cf23000 	C:\Windows\system32\icmp.Dll
0x000007fefdc30000 - 0x000007fefdc3f000 	C:\Windows\system32\CRYPTBASE.dll
0x000007fefddb0000 - 0x000007fefdde6000 	C:\Windows\system32\CFGMGR32.dll
0x000000006d7f0000 - 0x000000006dda8000 	C:\Program Files\MATLAB\R2010a\sys\java\jre\win64\jre\bin\server\jvm.dll
0x000007fefb250000 - 0x000007fefb28b000 	C:\Windows\system32\WINMM.dll
0x000007fefb150000 - 0x000007fefb168000 	C:\Windows\system32\dwmapi.dll
0x000007fefe2c0000 - 0x000007fefe359000 	C:\Windows\system32\CLBCatQ.DLL
0x000000007aba0000 - 0x000000007abaa000 	C:\Program Files\MATLAB\R2010a\sys\java\jre\win64\jre\bin\hpi.dll
0x000000007abc0000 - 0x000000007abce000 	C:\Program Files\MATLAB\R2010a\sys\java\jre\win64\jre\bin\verify.dll
0x00000000792d0000 - 0x00000000792f7000 	C:\Program Files\MATLAB\R2010a\sys\java\jre\win64\jre\bin\java.dll
0x000000007abd0000 - 0x000000007abe2000 	C:\Program Files\MATLAB\R2010a\sys\java\jre\win64\jre\bin\zip.dll
0x0000000079240000 - 0x000000007926b000 	C:\Program Files\MATLAB\R2010a\bin\win64\nativejava.dll
0x000007fef8e10000 - 0x000007fef8e28000 	C:\Windows\system32\MPR.dll
0x0000000079270000 - 0x00000000792a7000 	C:\Program Files\MATLAB\R2010a\bin\win64\nativejmi.dll
0x000000007cae0000 - 0x000000007caed000 	C:\Program Files\MATLAB\R2010a\bin\win64\nativeservices.dll
0x000000007a5c0000 - 0x000000007a782000 	C:\Program Files\MATLAB\R2010a\sys\java\jre\win64\jre\bin\awt.dll
0x000000007acb0000 - 0x000000007ad1b000 	C:\Program Files\MATLAB\R2010a\sys\java\jre\win64\jre\bin\fontmanager.dll
0x0000000079300000 - 0x0000000079317000 	C:\Program Files\MATLAB\R2010a\sys\java\jre\win64\jre\bin\net.dll
0x000007fefd570000 - 0x000007fefd5c4000 	C:\Windows\system32\mswsock.dll
0x000007fefd560000 - 0x000007fefd567000 	C:\Windows\System32\wship6.dll
0x000000007abb0000 - 0x000000007abbb000 	C:\Program Files\MATLAB\R2010a\sys\java\jre\win64\jre\bin\nio.dll
0x0000000078300000 - 0x0000000078310000 	C:\Program Files\MATLAB\R2010a\bin\win64\nativelmgr.dll
0x000000007dab0000 - 0x000000007dae5000 	C:\Program Files\MATLAB\R2010a\sys\java\jre\win64\jre\bin\jpeg.dll
0x0000000078310000 - 0x00000000784b8000 	C:\Program Files\MATLAB\R2010a\bin\win64\instutil.dll
0x000007fefbca0000 - 0x000007fefbcb5000 	C:\Windows\system32\NLAapi.dll
0x000007fef5310000 - 0x000007fef531b000 	C:\Windows\System32\winrnr.dll
0x000007fef52f0000 - 0x000007fef5305000 	C:\Windows\system32\napinsp.dll
0x000007fef52d0000 - 0x000007fef52e9000 	C:\Windows\system32\pnrpnsp.dll
0x00000000719e0000 - 0x0000000071a06000 	C:\Program Files\Bonjour\mdnsNSP.dll

VM Arguments:
jvm_args: -Xss512k -XX:PermSize=32m -Xms64m -XX:NewRatio=3 -XX:MaxPermSize=128m -Xmx196m -XX:MaxDirectMemorySize=2147400000 -Dsun.java2d.noddraw=true -Dsun.awt.nopixfmt=true -Xshare:off -Xrs -Djava.library.path=C:\Program Files\MATLAB\R2010a\bin\win64 vfprintf abort 
java_command: <unknown>
Launcher Type: generic

Environment Variables:
CLASSPATH=.;C:\Program Files (x86)\QuickTime\QTSystem\QTJava.zip
PATH=C:\Program Files (x86)\NVIDIA Corporation\PhysX\Common;C:\Windows\system32;C:\Windows;C:\Windows\System32\Wbem;C:\Windows\System32\WindowsPowerShell\v1.0\;C:\Program Files\Intel\WiFi\bin\;C:\Program Files\Common Files\Intel\WirelessCommon\;C:\Program Files\MATLAB\R2010a\runtime\win64;C:\Program Files\MATLAB\R2010a\bin;C:\Program Files (x86)\QuickTime\QTSystem\;C:\Program Files\Intel\WiFi\bin\;C:\Program Files\Common Files\Intel\WirelessCommon\
USERNAME=Larkz
OS=Windows_NT
PROCESSOR_IDENTIFIER=Intel64 Family 6 Model 37 Stepping 5, GenuineIntel



---------------  S Y S T E M  ---------------

OS: Windows NT 6.1 Build 7600 

CPU:total 4 (8 cores per cpu, 2 threads per core) family 6 model 5 stepping 5, cmov, cx8, fxsr, mmx, sse, sse2, sse3, ssse3, ht

Memory: 4k page, physical 8244912k(5521076k free), swap 16487924k(13579280k free)

vm_info: Java HotSpot(TM) 64-Bit Server VM (11.2-b01) for windows-amd64 JRE (1.6.0_12-b04), built on Jan 17 2009 01:49:05 by "java_re" with MS VC++ 8.0

time: Mon Aug 06 11:17:26 2012
elapsed time: 69512 seconds

